<?xml version="1.0" encoding="UTF-8"?>
<!-- Generated by org.testng.reporters.JUnitReportReporter -->
<testsuite hostname="LAPTOP-V63JSBHA" failures="0" tests="2" name="Academy.HomePage" time="11.189" errors="0" timestamp="27 Apr 2021 05:21:30 GMT" skipped="0">
  <testcase classname="Academy.HomePage" name="multipleLogin" time="3.838"/>
  <testcase classname="Academy.HomePage" name="multipleLogin" time="7.351"/>
</testsuite> <!-- Academy.HomePage -->
