<?xml version="1.0" encoding="UTF-8"?>
<!-- Generated by org.testng.reporters.JUnitReportReporter -->
<testsuite skipped="0" hostname="LAPTOP-V63JSBHA" name="Academy.HomePage" tests="2" failures="0" timestamp="2021-04-15T12:23:08 IST" time="10.931" errors="0">
  <testcase name="multipleLogin" time="7.600" classname="Academy.HomePage"/>
  <system-out/>
  <testcase name="multipleLogin" time="3.331" classname="Academy.HomePage"/>
  <system-out/>
</testsuite> <!-- Academy.HomePage -->
